SF:/Users/bastienchies/Downloads/SupermarketReceipt-Refactoring-Kata-main/csharp/SupermarketReceipt/Discount.cs
FN:11,System.String SupermarketReceipt.Discount::get_Description()
FNDA:6,System.String SupermarketReceipt.Discount::get_Description()
DA:12,6
FN:12,System.Double SupermarketReceipt.Discount::get_DiscountAmount()
FNDA:9,System.Double SupermarketReceipt.Discount::get_DiscountAmount()
DA:13,9
FN:13,SupermarketReceipt.Product SupermarketReceipt.Discount::get_Product()
FNDA:6,SupermarketReceipt.Product SupermarketReceipt.Discount::get_Product()
DA:14,6
FN:4,System.Void SupermarketReceipt.Discount::.ctor(SupermarketReceipt.Product,System.String,System.Double)
FNDA:6,System.Void SupermarketReceipt.Discount::.ctor(SupermarketReceipt.Product,System.String,System.Double)
DA:5,6
DA:6,6
DA:7,6
DA:8,6
DA:9,6
DA:10,6
LF:9
LH:9
BRF:0
BRH:0
FNF:4
FNH:4
end_of_record
SF:/Users/bastienchies/Downloads/SupermarketReceipt-Refactoring-Kata-main/csharp/SupermarketReceipt/FakeCatalog.cs
FN:10,System.Void SupermarketReceipt.FakeCatalog::AddProduct(SupermarketReceipt.Product,System.Double)
FNDA:3,System.Void SupermarketReceipt.FakeCatalog::AddProduct(SupermarketReceipt.Product,System.Double)
DA:11,3
DA:12,3
DA:13,3
DA:14,3
FN:16,System.Double SupermarketReceipt.FakeCatalog::GetUnitPrice(SupermarketReceipt.Product)
FNDA:6,System.Double SupermarketReceipt.FakeCatalog::GetUnitPrice(SupermarketReceipt.Product)
DA:17,6
DA:18,6
DA:19,6
FN:6,System.Void SupermarketReceipt.FakeCatalog::.ctor()
FNDA:3,System.Void SupermarketReceipt.FakeCatalog::.ctor()
DA:7,3
DA:8,3
LF:9
LH:9
BRF:0
BRH:0
FNF:3
FNH:3
end_of_record
SF:/Users/bastienchies/Downloads/SupermarketReceipt-Refactoring-Kata-main/csharp/SupermarketReceipt/Offer.cs
FN:21,SupermarketReceipt.SpecialOfferType SupermarketReceipt.Offer::get_OfferType()
FNDA:17,SupermarketReceipt.SpecialOfferType SupermarketReceipt.Offer::get_OfferType()
DA:22,17
FN:22,System.Double SupermarketReceipt.Offer::get_Argument()
FNDA:4,System.Double SupermarketReceipt.Offer::get_Argument()
DA:23,4
FN:14,System.Void SupermarketReceipt.Offer::.ctor(SupermarketReceipt.SpecialOfferType,SupermarketReceipt.Product,System.Double)
FNDA:3,System.Void SupermarketReceipt.Offer::.ctor(SupermarketReceipt.SpecialOfferType,SupermarketReceipt.Product,System.Double)
DA:15,3
DA:16,3
DA:17,3
DA:18,3
DA:19,3
DA:20,3
LF:8
LH:8
BRF:0
BRH:0
FNF:3
FNH:3
end_of_record
SF:/Users/bastienchies/Downloads/SupermarketReceipt-Refactoring-Kata-main/csharp/SupermarketReceipt/Product.cs
FN:12,System.String SupermarketReceipt.Product::get_Name()
FNDA:45,System.String SupermarketReceipt.Product::get_Name()
DA:13,45
FN:13,SupermarketReceipt.ProductUnit SupermarketReceipt.Product::get_Unit()
FNDA:33,SupermarketReceipt.ProductUnit SupermarketReceipt.Product::get_Unit()
DA:14,33
FN:16,System.Boolean SupermarketReceipt.Product::Equals(System.Object)
FNDA:9,System.Boolean SupermarketReceipt.Product::Equals(System.Object)
DA:17,9
DA:18,9
DA:19,9
DA:20,9
DA:21,9
DA:22,9
BRDA:19,9,0,9
BRDA:19,28,0,9
BRDA:19,9,1,0
BRDA:19,28,1,0
FN:24,System.Int32 SupermarketReceipt.Product::GetHashCode()
FNDA:15,System.Int32 SupermarketReceipt.Product::GetHashCode()
DA:25,15
DA:26,15
DA:27,15
DA:28,15
DA:29,15
DA:30,15
FN:6,System.Void SupermarketReceipt.Product::.ctor(System.String,SupermarketReceipt.ProductUnit)
FNDA:3,System.Void SupermarketReceipt.Product::.ctor(System.String,SupermarketReceipt.ProductUnit)
DA:7,3
DA:8,3
DA:9,3
DA:10,3
DA:11,3
FN:40,SupermarketReceipt.Product SupermarketReceipt.ProductQuantity::get_Product()
FNDA:3,SupermarketReceipt.Product SupermarketReceipt.ProductQuantity::get_Product()
DA:41,3
FN:41,System.Double SupermarketReceipt.ProductQuantity::get_Quantity()
FNDA:3,System.Double SupermarketReceipt.ProductQuantity::get_Quantity()
DA:42,3
FN:34,System.Void SupermarketReceipt.ProductQuantity::.ctor(SupermarketReceipt.Product,System.Double)
FNDA:3,System.Void SupermarketReceipt.ProductQuantity::.ctor(SupermarketReceipt.Product,System.Double)
DA:35,3
DA:36,3
DA:37,3
DA:38,3
DA:39,3
LF:26
LH:26
BRF:4
BRH:2
FNF:8
FNH:8
end_of_record
SF:/Users/bastienchies/Downloads/SupermarketReceipt-Refactoring-Kata-main/csharp/SupermarketReceipt/Receipt.cs
FN:10,System.Double SupermarketReceipt.Receipt::GetTotalPrice()
FNDA:3,System.Double SupermarketReceipt.Receipt::GetTotalPrice()
DA:11,3
DA:12,3
DA:13,18
DA:14,18
DA:15,3
DA:16,3
BRDA:13,50,1,3
BRDA:13,50,0,3
BRDA:14,110,1,3
BRDA:14,110,0,3
FN:18,System.Void SupermarketReceipt.Receipt::AddProduct(SupermarketReceipt.Product,System.Double,System.Double,System.Double)
FNDA:3,System.Void SupermarketReceipt.Receipt::AddProduct(SupermarketReceipt.Product,System.Double,System.Double,System.Double)
DA:19,3
DA:20,3
DA:21,3
FN:23,System.Collections.Generic.List`1<SupermarketReceipt.ReceiptItem> SupermarketReceipt.Receipt::GetItems()
FNDA:6,System.Collections.Generic.List`1<SupermarketReceipt.ReceiptItem> SupermarketReceipt.Receipt::GetItems()
DA:24,6
DA:25,6
DA:26,6
FN:28,System.Void SupermarketReceipt.Receipt::AddDiscount(SupermarketReceipt.Discount)
FNDA:3,System.Void SupermarketReceipt.Receipt::AddDiscount(SupermarketReceipt.Discount)
DA:29,3
DA:30,3
DA:31,3
FN:33,System.Collections.Generic.List`1<SupermarketReceipt.Discount> SupermarketReceipt.Receipt::GetDiscounts()
FNDA:3,System.Collections.Generic.List`1<SupermarketReceipt.Discount> SupermarketReceipt.Receipt::GetDiscounts()
DA:34,3
DA:35,3
DA:36,3
FN:6,System.Void SupermarketReceipt.Receipt::.ctor()
FNDA:3,System.Void SupermarketReceipt.Receipt::.ctor()
DA:7,3
DA:8,3
FN:48,SupermarketReceipt.Product SupermarketReceipt.ReceiptItem::get_Product()
FNDA:3,SupermarketReceipt.Product SupermarketReceipt.ReceiptItem::get_Product()
DA:49,3
FN:49,System.Double SupermarketReceipt.ReceiptItem::get_Price()
FNDA:3,System.Double SupermarketReceipt.ReceiptItem::get_Price()
DA:50,3
FN:50,System.Double SupermarketReceipt.ReceiptItem::get_TotalPrice()
FNDA:6,System.Double SupermarketReceipt.ReceiptItem::get_TotalPrice()
DA:51,6
FN:51,System.Double SupermarketReceipt.ReceiptItem::get_Quantity()
FNDA:3,System.Double SupermarketReceipt.ReceiptItem::get_Quantity()
DA:52,3
FN:40,System.Void SupermarketReceipt.ReceiptItem::.ctor(SupermarketReceipt.Product,System.Double,System.Double,System.Double)
FNDA:3,System.Void SupermarketReceipt.ReceiptItem::.ctor(SupermarketReceipt.Product,System.Double,System.Double,System.Double)
DA:41,3
DA:42,3
DA:43,3
DA:44,3
DA:45,3
DA:46,3
DA:47,3
LF:31
LH:31
BRF:4
BRH:4
FNF:11
FNH:11
end_of_record
SF:/Users/bastienchies/Downloads/SupermarketReceipt-Refactoring-Kata-main/csharp/SupermarketReceipt/ShoppingCart.cs
FN:13,System.Collections.Generic.List`1<SupermarketReceipt.ProductQuantity> SupermarketReceipt.ShoppingCart::GetItems()
FNDA:3,System.Collections.Generic.List`1<SupermarketReceipt.ProductQuantity> SupermarketReceipt.ShoppingCart::GetItems()
DA:14,3
DA:15,3
DA:16,3
FN:18,System.Void SupermarketReceipt.ShoppingCart::AddItem(SupermarketReceipt.Product)
FNDA:0,System.Void SupermarketReceipt.ShoppingCart::AddItem(SupermarketReceipt.Product)
DA:19,0
DA:20,0
DA:21,0
FN:24,System.Void SupermarketReceipt.ShoppingCart::AddItemQuantity(SupermarketReceipt.Product,System.Double)
FNDA:3,System.Void SupermarketReceipt.ShoppingCart::AddItemQuantity(SupermarketReceipt.Product,System.Double)
DA:25,3
DA:26,3
DA:27,3
DA:28,0
DA:29,0
DA:30,0
DA:31,0
DA:33,3
DA:34,3
DA:35,3
DA:36,3
BRDA:27,34,0,0
BRDA:27,34,1,3
FN:38,System.Void SupermarketReceipt.ShoppingCart::HandleOffers(SupermarketReceipt.Receipt,System.Collections.Generic.Dictionary`2<SupermarketReceipt.Product,SupermarketReceipt.Offer>,SupermarketReceipt.SupermarketCatalog)
FNDA:3,System.Void SupermarketReceipt.ShoppingCart::HandleOffers(SupermarketReceipt.Receipt,System.Collections.Generic.Dictionary`2<SupermarketReceipt.Product,SupermarketReceipt.Offer>,SupermarketReceipt.SupermarketCatalog)
DA:39,3
DA:40,15
DA:41,3
DA:42,3
DA:43,3
DA:44,3
DA:45,3
DA:46,3
DA:47,3
DA:48,3
DA:49,3
DA:50,3
DA:51,1
DA:52,1
DA:53,1
DA:54,2
DA:55,1
DA:56,1
DA:57,1
DA:58,1
DA:59,1
DA:60,1
DA:61,1
DA:62,1
DA:63,1
DA:65,3
DA:66,3
DA:67,3
DA:68,1
DA:69,1
DA:70,1
DA:71,1
DA:73,4
DA:74,3
DA:75,0
DA:76,0
DA:77,0
DA:78,0
DA:80,3
DA:81,3
DA:82,3
DA:83,3
DA:84,3
BRDA:40,500,1,3
BRDA:44,60,0,3
BRDA:50,104,0,1
BRDA:50,104,1,2
BRDA:54,127,0,1
BRDA:57,144,0,1
BRDA:57,144,1,1
BRDA:54,127,1,3
BRDA:65,229,0,0
BRDA:65,229,1,3
BRDA:67,247,0,1
BRDA:67,247,1,2
BRDA:67,260,0,1
BRDA:67,260,1,3
BRDA:73,317,0,1
BRDA:73,317,1,3
BRDA:74,384,0,0
BRDA:74,384,1,3
BRDA:74,400,0,0
BRDA:74,400,1,3
BRDA:80,480,0,3
BRDA:80,480,1,3
BRDA:44,60,1,3
BRDA:40,500,0,3
FN:86,System.String SupermarketReceipt.ShoppingCart::PrintPrice(System.Double)
FNDA:1,System.String SupermarketReceipt.ShoppingCart::PrintPrice(System.Double)
DA:87,1
DA:88,1
DA:89,1
FN:7,System.Void SupermarketReceipt.ShoppingCart::.ctor()
FNDA:3,System.Void SupermarketReceipt.ShoppingCart::.ctor()
DA:8,3
DA:9,3
FN:9,System.Void SupermarketReceipt.ShoppingCart::.cctor()
FNDA:1,System.Void SupermarketReceipt.ShoppingCart::.cctor()
DA:10,1
LF:66
LH:55
BRF:26
BRH:22
FNF:7
FNH:6
end_of_record
SF:/Users/bastienchies/Downloads/SupermarketReceipt-Refactoring-Kata-main/csharp/SupermarketReceipt/Teller.cs
FN:15,System.Void SupermarketReceipt.Teller::AddSpecialOffer(SupermarketReceipt.SpecialOfferType,SupermarketReceipt.Product,System.Double)
FNDA:3,System.Void SupermarketReceipt.Teller::AddSpecialOffer(SupermarketReceipt.SpecialOfferType,SupermarketReceipt.Product,System.Double)
DA:16,3
DA:17,3
DA:18,3
FN:20,SupermarketReceipt.Receipt SupermarketReceipt.Teller::ChecksOutArticlesFrom(SupermarketReceipt.ShoppingCart)
FNDA:3,SupermarketReceipt.Receipt SupermarketReceipt.Teller::ChecksOutArticlesFrom(SupermarketReceipt.ShoppingCart)
DA:21,3
DA:22,3
DA:23,3
DA:24,15
DA:25,3
DA:26,3
DA:27,3
DA:28,3
DA:29,3
DA:30,3
DA:31,3
DA:33,3
DA:35,3
DA:36,3
BRDA:24,94,1,3
BRDA:24,94,0,3
FN:7,System.Void SupermarketReceipt.Teller::.ctor(SupermarketReceipt.SupermarketCatalog)
FNDA:3,System.Void SupermarketReceipt.Teller::.ctor(SupermarketReceipt.SupermarketCatalog)
DA:8,3
DA:10,3
DA:11,3
DA:12,3
DA:13,3
LF:22
LH:22
BRF:2
BRH:2
FNF:3
FNH:3
end_of_record